<?xml version="1.0" encoding="UTF-8"?>
<!-- Generated by org.testng.reporters.JUnitReportReporter -->
<testsuite skipped="0" hostname="192.168.100.9" name="me.tests.PerformanceMetrics" tests="1" failures="0" timestamp="2020-11-14T17:37:28 IST" time="11.813" errors="0">
  <testcase name="performanceMetrics" time="11.813" classname="me.tests.PerformanceMetrics"/>
  <system-out/>
</testsuite> <!-- me.tests.PerformanceMetrics -->
