<?xml version="1.0" encoding="UTF-8"?>
<!-- Generated by org.testng.reporters.JUnitReportReporter -->
<testsuite skipped="0" hostname="192.168.100.9" name="me.tests.CustomHeadersTest" tests="1" failures="0" timestamp="2020-11-12T13:11:08 IST" time="10.492" errors="0">
  <testcase name="addCustomHeaders" time="10.492" classname="me.tests.CustomHeadersTest"/>
  <system-out/>
</testsuite> <!-- me.tests.CustomHeadersTest -->
