<?xml version="1.0" encoding="UTF-8"?>
<!-- Generated by org.testng.reporters.JUnitReportReporter -->
<testsuite skipped="0" hostname="192.168.100.9" name="me.tests.SimulateDevice" tests="1" failures="0" timestamp="2020-11-16T11:31:53 IST" time="11.676" errors="0">
  <testcase name="performanceMetrics" time="11.676" classname="me.tests.SimulateDevice"/>
  <system-out/>
</testsuite> <!-- me.tests.SimulateDevice -->
