<?xml version="1.0" encoding="UTF-8"?>
<!-- Generated by org.testng.reporters.JUnitReportReporter -->
<testsuite skipped="0" hostname="192.168.100.9" name="me.tests.ConsoleLogsTest" tests="1" failures="0" timestamp="2020-11-16T11:21:49 IST" time="23.181" errors="0">
  <testcase name="verifyConsoleMessageAdded" time="23.181" classname="me.tests.ConsoleLogsTest"/>
  <system-out/>
</testsuite> <!-- me.tests.ConsoleLogsTest -->
