<?xml version="1.0" encoding="UTF-8"?>
<!-- Generated by org.testng.reporters.JUnitReportReporter -->
<testsuite skipped="0" hostname="192.168.100.9" name="me.tests.PerformanceMetrics" tests="1" failures="0" timestamp="2020-11-15T14:10:04 IST" time="28.061" errors="0">
  <testcase name="performanceMetrics" time="28.061" classname="me.tests.PerformanceMetrics"/>
  <system-out/>
</testsuite> <!-- me.tests.PerformanceMetrics -->
