<?xml version="1.0" encoding="UTF-8"?>
<!-- Generated by org.testng.reporters.JUnitReportReporter -->
<testsuite skipped="0" hostname="192.168.100.9" name="me.unmesh.UrlFilteringTest" tests="1" failures="0" timestamp="2020-11-12T12:53:15 IST" time="13.114" errors="0">
  <testcase name="filterUrls" time="13.114" classname="me.unmesh.UrlFilteringTest"/>
  <system-out/>
</testsuite> <!-- me.unmesh.UrlFilteringTest -->
