<?xml version="1.0" encoding="UTF-8"?>
<!-- Generated by org.testng.reporters.JUnitReportReporter -->
<testsuite skipped="0" hostname="192.168.100.9" name="me.tests.IgnoreCertTest" tests="1" failures="0" timestamp="2020-11-12T13:27:01 IST" time="17.880" errors="0">
  <testcase name="loadInsecureWebsite" time="17.880" classname="me.tests.IgnoreCertTest"/>
  <system-out/>
</testsuite> <!-- me.tests.IgnoreCertTest -->
