<?xml version="1.0" encoding="UTF-8"?>
<!-- Generated by org.testng.reporters.JUnitReportReporter -->
<testsuite skipped="0" hostname="192.168.100.9" name="me.tests.InterceptRequestTest" tests="1" failures="0" timestamp="2020-11-12T14:25:18 IST" time="22.231" errors="0">
  <testcase name="interceptRequestAndContinue" time="22.231" classname="me.tests.InterceptRequestTest"/>
  <system-out/>
</testsuite> <!-- me.tests.InterceptRequestTest -->
